<?xml version="1.0" encoding="UTF-8"?>
<testng-results total="1" passed="1" failed="0" skipped="0">
  <reporter-output>
  </reporter-output>
  <suite started-at="2021-03-18T20:35:44Z" name="Default suite" finished-at="2021-03-18T20:35:49Z" duration-ms="5674">
    <groups>
    </groups>
    <test started-at="2021-03-18T20:35:44Z" name="Default test" finished-at="2021-03-18T20:35:49Z" duration-ms="5674">
      <class name="example.NewTest">
        <test-method is-config="true" signature="beforeTest()[pri:0, instance:example.NewTest@1acaf3d]" started-at="2021-03-18T16:35:44Z" name="beforeTest" finished-at="2021-03-18T16:35:46Z" duration-ms="2004" status="PASS">
          <reporter-output>
          </reporter-output>
        </test-method> <!-- beforeTest -->
        <test-method signature="testEasy()[pri:0, instance:example.NewTest@1acaf3d]" started-at="2021-03-18T16:35:46Z" name="testEasy" finished-at="2021-03-18T16:35:48Z" duration-ms="2587" status="PASS">
          <reporter-output>
          </reporter-output>
        </test-method> <!-- testEasy -->
        <test-method is-config="true" signature="afterTest()[pri:0, instance:example.NewTest@1acaf3d]" started-at="2021-03-18T16:35:48Z" name="afterTest" finished-at="2021-03-18T16:35:49Z" duration-ms="1071" status="PASS">
          <reporter-output>
          </reporter-output>
        </test-method> <!-- afterTest -->
      </class> <!-- example.NewTest -->
    </test> <!-- Default test -->
  </suite> <!-- Default suite -->
</testng-results>
